{"/home/jackpearsall/Projects/bowling-challenge/src/score_card.js": {"path":"/home/jackpearsall/Projects/bowling-challenge/src/score_card.js","statementMap":{"0":{"start":{"line":2,"column":2},"end":{"line":2,"column":21}},"1":{"start":{"line":3,"column":2},"end":{"line":3,"column":22}},"2":{"start":{"line":6,"column":0},"end":{"line":16,"column":2}},"3":{"start":{"line":7,"column":2},"end":{"line":15,"column":3}},"4":{"start":{"line":10,"column":4},"end":{"line":10,"column":29}},"5":{"start":{"line":11,"column":4},"end":{"line":11,"column":25}},"6":{"start":{"line":14,"column":4},"end":{"line":14,"column":44}},"7":{"start":{"line":18,"column":0},"end":{"line":18,"column":27}}},"fnMap":{"0":{"name":"scoreCard","decl":{"start":{"line":1,"column":9},"end":{"line":1,"column":18}},"loc":{"start":{"line":1,"column":21},"end":{"line":4,"column":1}},"line":1},"1":{"name":"bowl","decl":{"start":{"line":6,"column":36},"end":{"line":6,"column":40}},"loc":{"start":{"line":6,"column":47},"end":{"line":16,"column":1}},"line":6}},"branchMap":{"0":{"loc":{"start":{"line":7,"column":2},"end":{"line":15,"column":3}},"type":"if","locations":[{"start":{"line":7,"column":2},"end":{"line":15,"column":3}},{"start":{"line":7,"column":2},"end":{"line":15,"column":3}}],"line":7},"1":{"loc":{"start":{"line":7,"column":6},"end":{"line":7,"column":89}},"type":"binary-expr","locations":[{"start":{"line":7,"column":6},"end":{"line":7,"column":47}},{"start":{"line":7,"column":51},"end":{"line":7,"column":89}}],"line":7}},"s":{"0":6,"1":6,"2":1,"3":5,"4":2,"5":2,"6":3,"7":1},"f":{"0":6,"1":5},"b":{"0":[2,3],"1":[5,4]},"_coverageSchema":"43e27e138ebf9cfc5966b082cf9a028302ed4184","hash":"d97e36761f7cdffb6273e5ab87c5c4c59479e1f6"}
}
